d:\yg\slengine\slengine\slengine\debug\slengine.pch
d:\yg\slengine\slengine\slengine\debug\vc120.pdb
d:\yg\slengine\slengine\slengine\debug\vc120.idb
d:\yg\slengine\slengine\slengine\debug\stdafx.obj
d:\yg\slengine\slengine\slengine\debug\application.obj
d:\yg\slengine\slengine\slengine\debug\autoreleasepool.obj
d:\yg\slengine\slengine\slengine\debug\ref.obj
d:\yg\slengine\slengine\slengine\debug\window.obj
d:\yg\slengine\slengine\slengine\debug\vulkanfunctions.obj
d:\yg\slengine\slengine\slengine\debug\vulkanmanager.obj
d:\yg\slengine\slengine\slengine\debug\slengine.obj
d:\yg\slengine\slengine\slengine\debug\ctemplate.obj
d:\yg\slengine\slengine\slengine\debug\log.obj
d:\yg\slengine\slengine\slengine\debug\time.obj
d:\yg\slengine\slengine\slengine\debug\node.obj
d:\yg\slengine\slengine\slengine\debug\world.obj
d:\yg\slengine\slengine\slengine\debug\worldmanager.obj
d:\yg\slengine\slengine\debug\slengine.ilk
d:\yg\slengine\slengine\debug\slengine.exe
d:\yg\slengine\slengine\debug\slengine.pdb
d:\yg\slengine\slengine\slengine\debug\slengine.tlog\cl.command.1.tlog
d:\yg\slengine\slengine\slengine\debug\slengine.tlog\cl.read.1.tlog
d:\yg\slengine\slengine\slengine\debug\slengine.tlog\cl.write.1.tlog
d:\yg\slengine\slengine\slengine\debug\slengine.tlog\link.command.1.tlog
d:\yg\slengine\slengine\slengine\debug\slengine.tlog\link.read.1.tlog
d:\yg\slengine\slengine\slengine\debug\slengine.tlog\link.write.1.tlog
